La génération a démarré 27/11/2013 23:21:38.
     1>Projet "C:\Users\alexandre\Documents\GitHub\otthello\OTHELO\Othelo\Othelo.vcxproj" sur le nœud 2 (build cible(s)).
     1>InitializeBuildStatus:
         Création de "Debug\Othelo.unsuccessfulbuild", car "AlwaysCreate" a été spécifié.
       ClCompile:
         C:\Program Files\Microsoft Visual Studio 10.0\VC\bin\CL.exe /c /ZI /nologo /W3 /WX- /Od /Oy- /D WIN32 /D _DEBUG /D _CONSOLE /D _UNICODE /D UNICODE /Gm /EHsc /RTC1 /MDd /GS /fp:precise /Zc:wchar_t /Zc:forScope /Fo"Debug\\" /Fd"Debug\vc100.pdb" /Gd /TP /analyze- /errorReport:prompt plateau.cpp
         plateau.cpp
       Link:
         C:\Program Files\Microsoft Visual Studio 10.0\VC\bin\link.exe /ERRORREPORT:PROMPT /OUT:"C:\Users\alexandre\Documents\GitHub\otthello\OTHELO\Debug\Othelo.exe" /INCREMENTAL:NO /NOLOGO kernel32.lib user32.lib gdi32.lib winspool.lib comdlg32.lib advapi32.lib shell32.lib ole32.lib oleaut32.lib uuid.lib odbc32.lib odbccp32.lib /MANIFEST /ManifestFile:"Debug\Othelo.exe.intermediate.manifest" /MANIFESTUAC:"level='asInvoker' uiAccess='false'" /DEBUG /PDB:"C:\Users\alexandre\Documents\GitHub\otthello\OTHELO\Debug\Othelo.pdb" /SUBSYSTEM:CONSOLE /TLBID:1 /DYNAMICBASE /NXCOMPAT /IMPLIB:"C:\Users\alexandre\Documents\GitHub\otthello\OTHELO\Debug\Othelo.lib" /MACHINE:X86 Debug\jeu.obj
         Debug\Joueur.obj
         Debug\main.obj
         Debug\plateau.obj
     1>jeu.obj : warning LNK4075: ' /EDITANDCONTINUE' ignoré à cause de la spécification '/INCREMENTAL:NO'
         Othelo.vcxproj -> C:\Users\alexandre\Documents\GitHub\otthello\OTHELO\Debug\Othelo.exe
       Manifest:
         C:\Program Files\Microsoft SDKs\Windows\v7.0A\bin\mt.exe /nologo /verbose /outputresource:"C:\Users\alexandre\Documents\GitHub\otthello\OTHELO\Debug\Othelo.exe;#1" /manifest Debug\Othelo.exe.intermediate.manifest
       FinalizeBuildStatus:
         Suppression du fichier "Debug\Othelo.unsuccessfulbuild".
         Mise à jour de l'horodatage "Debug\Othelo.lastbuildstate".
     1>Génération du projet "C:\Users\alexandre\Documents\GitHub\otthello\OTHELO\Othelo\Othelo.vcxproj" terminée (build cible(s)).

La génération a réussi.

Temps écoulé 00:00:01.64
